<?xml version="1.0" encoding="UTF-8"?>
<!-- Generated by org.testng.reporters.JUnitReportReporter -->
<testsuite hostname="LAPTOP-9J15PCB5" failures="0" tests="1" name="lesson_07_Rotation.TestRotation" time="12.881" errors="0" timestamp="2024-12-19T17:04:38 IST" skipped="0">
  <testcase classname="lesson_07_Rotation.TestRotation" name="checkRotation" time="12.881"/>
  <system-out/>
</testsuite> <!-- lesson_07_Rotation.TestRotation -->
