<?xml version="1.0" encoding="UTF-8"?>
<!-- Generated by org.testng.reporters.JUnitReportReporter -->
<testsuite hostname="LAPTOP-9J15PCB5" failures="0" tests="2" name="testScripts.Script_06_FinalCartStep" time="38.456" errors="0" timestamp="2024-12-19T23:12:40 IST" skipped="0">
  <testcase classname="testScripts.Script_06_FinalCartStep" name="addToCart" time="30.882"/>
  <system-out/>
  <testcase classname="testScripts.Script_06_FinalCartStep" name="finalCartStep" time="7.574"/>
  <system-out/>
</testsuite> <!-- testScripts.Script_06_FinalCartStep -->
