<?xml version="1.0" encoding="UTF-8"?>
<!-- Generated by org.testng.reporters.JUnitReportReporter -->
<testsuite hostname="LAPTOP-9J15PCB5" failures="0" tests="1" name="testScripts.Script_02_VerifyToast" time="26.151" errors="0" timestamp="2024-12-19T20:59:33 IST" skipped="0">
  <testcase classname="testScripts.Script_02_VerifyToast" name="verifyToastMessage" time="26.151"/>
  <system-out/>
</testsuite> <!-- testScripts.Script_02_VerifyToast -->
