<?xml version="1.0" encoding="UTF-8"?>
<!-- Generated by org.testng.reporters.JUnitReportReporter -->
<testsuite hostname="LAPTOP-9J15PCB5" failures="0" tests="1" name="lesson_08_MisceleniousActions.TestMiscActions" time="9.601" errors="0" timestamp="2024-12-19T17:10:42 IST" skipped="0">
  <testcase classname="lesson_08_MisceleniousActions.TestMiscActions" name="checkMiscActions" time="9.601"/>
  <system-out/>
</testsuite> <!-- lesson_08_MisceleniousActions.TestMiscActions -->
