<?xml version="1.0" encoding="UTF-8"?>
<!-- Generated by org.testng.reporters.JUnitReportReporter -->
<testsuite hostname="LAPTOP-9J15PCB5" failures="0" tests="1" name="testScripts.OpenApp" time="26.350" errors="0" timestamp="2024-12-19T19:30:45 IST" skipped="0">
  <testcase classname="testScripts.OpenApp" name="FillForm" time="26.350"/>
  <system-out/>
</testsuite> <!-- testScripts.OpenApp -->
