<?xml version="1.0" encoding="UTF-8"?>
<!-- Generated by org.testng.reporters.JUnitReportReporter -->
<testsuite hostname="LAPTOP-9J15PCB5" failures="0" tests="2" name="testScripts.Script_04_VerifyCartItem" time="31.022" errors="0" timestamp="2024-12-19T22:11:59 IST" skipped="0">
  <testcase classname="testScripts.Script_04_VerifyCartItem" name="addToCart" time="29.396"/>
  <system-out/>
  <testcase classname="testScripts.Script_04_VerifyCartItem" name="checkCartItem" time="1.626"/>
  <system-out/>
</testsuite> <!-- testScripts.Script_04_VerifyCartItem -->
