<?xml version="1.0" encoding="UTF-8"?>
<!-- Generated by org.testng.reporters.JUnitReportReporter -->
<testsuite hostname="LAPTOP-9J15PCB5" failures="0" tests="2" name="testScripts.Script_05_VerifyCartTotal" time="33.706" errors="0" timestamp="2024-12-19T22:56:09 IST" skipped="0">
  <testcase classname="testScripts.Script_05_VerifyCartTotal" name="addToCart" time="32.098"/>
  <system-out/>
  <testcase classname="testScripts.Script_05_VerifyCartTotal" name="verifyCartTotal" time="1.608"/>
  <system-out/>
</testsuite> <!-- testScripts.Script_05_VerifyCartTotal -->
