<?xml version="1.0" encoding="UTF-8"?>
<!-- Generated by org.testng.reporters.JUnitReportReporter -->
<testsuite hostname="LAPTOP-9J15PCB5" failures="0" tests="1" name="testScripts.Script_03_AddToCart" time="28.840" errors="0" timestamp="2024-12-19T21:53:44 IST" skipped="0">
  <testcase classname="testScripts.Script_03_AddToCart" name="FillForm" time="28.840"/>
  <system-out/>
</testsuite> <!-- testScripts.Script_03_AddToCart -->
